<?xml version="1.0" encoding="UTF-8"?>
<!-- Generated by org.testng.reporters.JUnitXMLReporter -->
<testsuite ignored="4" hostname="Sandy-PC" failures="0" tests="3" name="Test" time="104.249" errors="0" timestamp="2024-07-29T21:56:30 IST">
  <testcase classname="com.actitime.testscript.ProjectModule" name="createNewProject" time="10.772"/>
  <testcase classname="com.actitime.testscript.CustomerModule" name="createCustomer" time="10.453"/>
  <testcase classname="com.actitime.testscript.CreateNewTask" name="newTask" time="10.356"/>
  <testcase classname="com.actitme.generic.BaseClass" name="@BeforeSuite bsConfig" time="0.0">
    <ignored/>
  </testcase> <!-- @BeforeSuite bsConfig -->
  <testcase classname="com.actitme.generic.BaseClass" name="@AfterSuite afConfig" time="0.0">
    <ignored/>
  </testcase> <!-- @AfterSuite afConfig -->
  <testcase classname="com.actitme.generic.BaseClass" name="@AfterSuite afConfig" time="0.0">
    <ignored/>
  </testcase> <!-- @AfterSuite afConfig -->
  <testcase classname="com.actitme.generic.BaseClass" name="@BeforeSuite bsConfig" time="0.0">
    <ignored/>
  </testcase> <!-- @BeforeSuite bsConfig -->
</testsuite> <!-- Test -->
