<?xml version="1.0" encoding="UTF-8"?>
<!-- Generated by org.testng.reporters.JUnitXMLReporter -->
<testsuite ignored="4" hostname="saravanan" failures="0" tests="3" name="Test" time="91.042" errors="0" timestamp="2024-08-01T13:42:14 IST">
  <testcase classname="com.actitime.testscript.ProjectModule" name="createNewProject" time="21.569"/>
  <testcase classname="com.actitime.testscript.CustomerModule" name="createCustomer" time="10.539"/>
  <testcase classname="com.actitime.testscript.CreateNewTask" name="newTask" time="6.836"/>
  <testcase classname="com.actitme.generic.BaseClass" name="@AfterSuite afConfig" time="0.0">
    <ignored/>
  </testcase> <!-- @AfterSuite afConfig -->
  <testcase classname="com.actitme.generic.BaseClass" name="@AfterSuite afConfig" time="0.0">
    <ignored/>
  </testcase> <!-- @AfterSuite afConfig -->
  <testcase classname="com.actitme.generic.BaseClass" name="@BeforeSuite bsConfig" time="0.0">
    <ignored/>
  </testcase> <!-- @BeforeSuite bsConfig -->
  <testcase classname="com.actitme.generic.BaseClass" name="@BeforeSuite bsConfig" time="0.0">
    <ignored/>
  </testcase> <!-- @BeforeSuite bsConfig -->
</testsuite> <!-- Test -->
