<?xml version="1.0" encoding="UTF-8"?>
<testng-results ignored="0" total="3" passed="3" failed="0" skipped="0">
  <reporter-output>
    <line>
      <![CDATA[Launch Browser]]>
    </line>
    <line>
      <![CDATA[Login to application]]>
    </line>
    <line>
      <![CDATA[Logout from application]]>
    </line>
    <line>
      <![CDATA[Close Browser]]>
    </line>
    <line>
      <![CDATA[Launch Browser]]>
    </line>
    <line>
      <![CDATA[Login to application]]>
    </line>
    <line>
      <![CDATA[createcustomer]]>
    </line>
    <line>
      <![CDATA[Logout from application]]>
    </line>
    <line>
      <![CDATA[Close Browser]]>
    </line>
    <line>
      <![CDATA[Launch Browser]]>
    </line>
    <line>
      <![CDATA[Login to application]]>
    </line>
    <line>
      <![CDATA[Logout from application]]>
    </line>
    <line>
      <![CDATA[Close Browser]]>
    </line>
  </reporter-output>
  <suite started-at="2024-08-02T14:17:28 IST" name="Suite" finished-at="2024-08-02T14:18:53 IST" duration-ms="84943">
    <groups>
    </groups>
    <test started-at="2024-08-02T14:17:28 IST" name="Test" finished-at="2024-08-02T14:18:53 IST" duration-ms="84943">
      <class name="com.actitime.testscript.ProjectModule">
        <test-method is-config="true" signature="bsConfig()[pri:0, instance:com.actitime.testscript.ProjectModule@202b0582]" started-at="2024-08-02T14:17:28 IST" name="bsConfig" finished-at="2024-08-02T14:17:28 IST" duration-ms="36" status="PASS">
          <reporter-output>
          </reporter-output>
        </test-method> <!-- bsConfig -->
        <test-method is-config="true" signature="openBrowser()[pri:0, instance:com.actitime.testscript.ProjectModule@202b0582]" started-at="2024-08-02T14:17:29 IST" name="openBrowser" finished-at="2024-08-02T14:17:36 IST" duration-ms="7076" status="PASS">
          <reporter-output>
            <line>
              <![CDATA[Launch Browser]]>
            </line>
          </reporter-output>
        </test-method> <!-- openBrowser -->
        <test-method is-config="true" signature="login()[pri:0, instance:com.actitime.testscript.ProjectModule@202b0582]" started-at="2024-08-02T14:17:36 IST" name="login" finished-at="2024-08-02T14:17:51 IST" duration-ms="15651" status="PASS">
          <reporter-output>
            <line>
              <![CDATA[Login to application]]>
            </line>
          </reporter-output>
        </test-method> <!-- login -->
        <test-method signature="createNewProject()[pri:0, instance:com.actitime.testscript.ProjectModule@202b0582]" started-at="2024-08-02T14:17:51 IST" name="createNewProject" finished-at="2024-08-02T14:18:02 IST" duration-ms="10670" status="PASS">
          <reporter-output>
          </reporter-output>
        </test-method> <!-- createNewProject -->
        <test-method is-config="true" signature="logout()[pri:0, instance:com.actitime.testscript.ProjectModule@202b0582]" started-at="2024-08-02T14:18:02 IST" name="logout" finished-at="2024-08-02T14:18:03 IST" duration-ms="1425" status="PASS">
          <reporter-output>
            <line>
              <![CDATA[Logout from application]]>
            </line>
          </reporter-output>
        </test-method> <!-- logout -->
        <test-method is-config="true" signature="closeBrowser()[pri:0, instance:com.actitime.testscript.ProjectModule@202b0582]" started-at="2024-08-02T14:18:03 IST" name="closeBrowser" finished-at="2024-08-02T14:18:04 IST" duration-ms="520" status="PASS">
          <reporter-output>
            <line>
              <![CDATA[Close Browser]]>
            </line>
          </reporter-output>
        </test-method> <!-- closeBrowser -->
        <test-method is-config="true" signature="afConfig()[pri:0, instance:com.actitime.testscript.ProjectModule@202b0582]" started-at="2024-08-02T14:18:53 IST" name="afConfig" finished-at="2024-08-02T14:18:53 IST" duration-ms="1" status="PASS">
          <reporter-output>
          </reporter-output>
        </test-method> <!-- afConfig -->
      </class> <!-- com.actitime.testscript.ProjectModule -->
      <class name="com.actitime.testscript.CustomerModule">
        <test-method is-config="true" signature="openBrowser()[pri:0, instance:com.actitime.testscript.CustomerModule@1cf6d1be]" started-at="2024-08-02T14:18:04 IST" name="openBrowser" finished-at="2024-08-02T14:18:06 IST" duration-ms="1950" status="PASS">
          <reporter-output>
            <line>
              <![CDATA[Launch Browser]]>
            </line>
          </reporter-output>
        </test-method> <!-- openBrowser -->
        <test-method is-config="true" signature="login()[pri:0, instance:com.actitime.testscript.CustomerModule@1cf6d1be]" started-at="2024-08-02T14:18:06 IST" name="login" finished-at="2024-08-02T14:18:17 IST" duration-ms="10705" status="PASS">
          <reporter-output>
            <line>
              <![CDATA[Login to application]]>
            </line>
          </reporter-output>
        </test-method> <!-- login -->
        <test-method signature="createCustomer()[pri:0, instance:com.actitime.testscript.CustomerModule@1cf6d1be]" started-at="2024-08-02T14:18:17 IST" name="createCustomer" finished-at="2024-08-02T14:18:26 IST" duration-ms="8889" status="PASS">
          <reporter-output>
            <line>
              <![CDATA[createcustomer]]>
            </line>
          </reporter-output>
        </test-method> <!-- createCustomer -->
        <test-method is-config="true" signature="logout()[pri:0, instance:com.actitime.testscript.CustomerModule@1cf6d1be]" started-at="2024-08-02T14:18:26 IST" name="logout" finished-at="2024-08-02T14:18:27 IST" duration-ms="1211" status="PASS">
          <reporter-output>
            <line>
              <![CDATA[Logout from application]]>
            </line>
          </reporter-output>
        </test-method> <!-- logout -->
        <test-method is-config="true" signature="closeBrowser()[pri:0, instance:com.actitime.testscript.CustomerModule@1cf6d1be]" started-at="2024-08-02T14:18:27 IST" name="closeBrowser" finished-at="2024-08-02T14:18:27 IST" duration-ms="516" status="PASS">
          <reporter-output>
            <line>
              <![CDATA[Close Browser]]>
            </line>
          </reporter-output>
        </test-method> <!-- closeBrowser -->
      </class> <!-- com.actitime.testscript.CustomerModule -->
      <class name="com.actitime.testscript.CreateNewTask">
        <test-method is-config="true" signature="openBrowser()[pri:0, instance:com.actitime.testscript.CreateNewTask@663c9e7a]" started-at="2024-08-02T14:18:27 IST" name="openBrowser" finished-at="2024-08-02T14:18:30 IST" duration-ms="2329" status="PASS">
          <reporter-output>
            <line>
              <![CDATA[Launch Browser]]>
            </line>
          </reporter-output>
        </test-method> <!-- openBrowser -->
        <test-method is-config="true" signature="login()[pri:0, instance:com.actitime.testscript.CreateNewTask@663c9e7a]" started-at="2024-08-02T14:18:30 IST" name="login" finished-at="2024-08-02T14:18:42 IST" duration-ms="12291" status="PASS">
          <reporter-output>
            <line>
              <![CDATA[Login to application]]>
            </line>
          </reporter-output>
        </test-method> <!-- login -->
        <test-method signature="newTask()[pri:0, instance:com.actitime.testscript.CreateNewTask@663c9e7a]" started-at="2024-08-02T14:18:42 IST" name="newTask" finished-at="2024-08-02T14:18:50 IST" duration-ms="8252" status="PASS">
          <reporter-output>
          </reporter-output>
        </test-method> <!-- newTask -->
        <test-method is-config="true" signature="logout()[pri:0, instance:com.actitime.testscript.CreateNewTask@663c9e7a]" started-at="2024-08-02T14:18:50 IST" name="logout" finished-at="2024-08-02T14:18:52 IST" duration-ms="2056" status="PASS">
          <reporter-output>
            <line>
              <![CDATA[Logout from application]]>
            </line>
          </reporter-output>
        </test-method> <!-- logout -->
        <test-method is-config="true" signature="closeBrowser()[pri:0, instance:com.actitime.testscript.CreateNewTask@663c9e7a]" started-at="2024-08-02T14:18:52 IST" name="closeBrowser" finished-at="2024-08-02T14:18:53 IST" duration-ms="454" status="PASS">
          <reporter-output>
            <line>
              <![CDATA[Close Browser]]>
            </line>
          </reporter-output>
        </test-method> <!-- closeBrowser -->
      </class> <!-- com.actitime.testscript.CreateNewTask -->
    </test> <!-- Test -->
  </suite> <!-- Suite -->
</testng-results>
