<?xml version="1.0" encoding="UTF-8"?>
<testng-results ignored="4" total="7" passed="3" failed="0" skipped="0">
  <reporter-output>
    <line>
      <![CDATA[Launch Browser]]>
    </line>
    <line>
      <![CDATA[Login to application]]>
    </line>
    <line>
      <![CDATA[Logout from application]]>
    </line>
    <line>
      <![CDATA[Close Browser]]>
    </line>
    <line>
      <![CDATA[Launch Browser]]>
    </line>
    <line>
      <![CDATA[Login to application]]>
    </line>
    <line>
      <![CDATA[createcustomer]]>
    </line>
    <line>
      <![CDATA[Logout from application]]>
    </line>
    <line>
      <![CDATA[Close Browser]]>
    </line>
    <line>
      <![CDATA[Launch Browser]]>
    </line>
    <line>
      <![CDATA[Login to application]]>
    </line>
    <line>
      <![CDATA[Logout from application]]>
    </line>
    <line>
      <![CDATA[Close Browser]]>
    </line>
  </reporter-output>
  <suite started-at="2024-08-01T13:40:42 IST" name="Suite" finished-at="2024-08-01T13:42:13 IST" duration-ms="91042">
    <groups>
    </groups>
    <test started-at="2024-08-01T13:40:42 IST" name="Test" finished-at="2024-08-01T13:42:13 IST" duration-ms="91042">
      <class name="com.actitime.testscript.ProjectModule">
        <test-method is-config="true" signature="bsConfig()[pri:0, instance:com.actitime.testscript.ProjectModule@644baf4a]" started-at="2024-08-01T13:40:42 IST" name="bsConfig" finished-at="2024-08-01T13:40:42 IST" duration-ms="12" status="PASS">
          <reporter-output>
          </reporter-output>
        </test-method> <!-- bsConfig -->
        <test-method is-config="true" signature="openBrowser()[pri:0, instance:com.actitime.testscript.ProjectModule@644baf4a]" started-at="2024-08-01T13:40:43 IST" name="openBrowser" finished-at="2024-08-01T13:40:44 IST" duration-ms="1665" status="PASS">
          <reporter-output>
            <line>
              <![CDATA[Launch Browser]]>
            </line>
          </reporter-output>
        </test-method> <!-- openBrowser -->
        <test-method is-config="true" signature="login()[pri:0, instance:com.actitime.testscript.ProjectModule@644baf4a]" started-at="2024-08-01T13:40:44 IST" name="login" finished-at="2024-08-01T13:41:00 IST" duration-ms="16054" status="PASS">
          <reporter-output>
            <line>
              <![CDATA[Login to application]]>
            </line>
          </reporter-output>
        </test-method> <!-- login -->
        <test-method signature="createNewProject()[pri:0, instance:com.actitime.testscript.ProjectModule@644baf4a]" started-at="2024-08-01T13:41:00 IST" name="createNewProject" finished-at="2024-08-01T13:41:22 IST" duration-ms="21569" status="PASS">
          <reporter-output>
          </reporter-output>
        </test-method> <!-- createNewProject -->
        <test-method is-config="true" signature="logout()[pri:0, instance:com.actitime.testscript.ProjectModule@644baf4a]" started-at="2024-08-01T13:41:22 IST" name="logout" finished-at="2024-08-01T13:41:23 IST" duration-ms="1249" status="PASS">
          <reporter-output>
            <line>
              <![CDATA[Logout from application]]>
            </line>
          </reporter-output>
        </test-method> <!-- logout -->
        <test-method is-config="true" signature="closeBrowser()[pri:0, instance:com.actitime.testscript.ProjectModule@644baf4a]" started-at="2024-08-01T13:41:23 IST" name="closeBrowser" finished-at="2024-08-01T13:41:24 IST" duration-ms="359" status="PASS">
          <reporter-output>
            <line>
              <![CDATA[Close Browser]]>
            </line>
          </reporter-output>
        </test-method> <!-- closeBrowser -->
        <test-method is-config="true" signature="afConfig()[pri:0, instance:com.actitime.testscript.ProjectModule@644baf4a]" started-at="2024-08-01T13:42:14 IST" name="afConfig" finished-at="2024-08-01T13:42:14 IST" duration-ms="0" status="PASS">
          <reporter-output>
          </reporter-output>
        </test-method> <!-- afConfig -->
      </class> <!-- com.actitime.testscript.ProjectModule -->
      <class name="com.actitime.testscript.CustomerModule">
        <test-method is-config="true" signature="openBrowser()[pri:0, instance:com.actitime.testscript.CustomerModule@76a4ebf2]" started-at="2024-08-01T13:41:24 IST" name="openBrowser" finished-at="2024-08-01T13:41:24 IST" duration-ms="919" status="PASS">
          <reporter-output>
            <line>
              <![CDATA[Launch Browser]]>
            </line>
          </reporter-output>
        </test-method> <!-- openBrowser -->
        <test-method is-config="true" signature="login()[pri:0, instance:com.actitime.testscript.CustomerModule@76a4ebf2]" started-at="2024-08-01T13:41:24 IST" name="login" finished-at="2024-08-01T13:41:42 IST" duration-ms="17854" status="PASS">
          <reporter-output>
            <line>
              <![CDATA[Login to application]]>
            </line>
          </reporter-output>
        </test-method> <!-- login -->
        <test-method signature="createCustomer()[pri:0, instance:com.actitime.testscript.CustomerModule@76a4ebf2]" started-at="2024-08-01T13:41:42 IST" name="createCustomer" finished-at="2024-08-01T13:41:53 IST" duration-ms="10539" status="PASS">
          <reporter-output>
            <line>
              <![CDATA[createcustomer]]>
            </line>
          </reporter-output>
        </test-method> <!-- createCustomer -->
        <test-method is-config="true" signature="logout()[pri:0, instance:com.actitime.testscript.CustomerModule@76a4ebf2]" started-at="2024-08-01T13:41:53 IST" name="logout" finished-at="2024-08-01T13:41:54 IST" duration-ms="1211" status="PASS">
          <reporter-output>
            <line>
              <![CDATA[Logout from application]]>
            </line>
          </reporter-output>
        </test-method> <!-- logout -->
        <test-method is-config="true" signature="closeBrowser()[pri:0, instance:com.actitime.testscript.CustomerModule@76a4ebf2]" started-at="2024-08-01T13:41:54 IST" name="closeBrowser" finished-at="2024-08-01T13:41:54 IST" duration-ms="375" status="PASS">
          <reporter-output>
            <line>
              <![CDATA[Close Browser]]>
            </line>
          </reporter-output>
        </test-method> <!-- closeBrowser -->
      </class> <!-- com.actitime.testscript.CustomerModule -->
      <class name="com.actitime.testscript.CreateNewTask">
        <test-method is-config="true" signature="openBrowser()[pri:0, instance:com.actitime.testscript.CreateNewTask@2e8c1c9b]" started-at="2024-08-01T13:41:54 IST" name="openBrowser" finished-at="2024-08-01T13:41:55 IST" duration-ms="884" status="PASS">
          <reporter-output>
            <line>
              <![CDATA[Launch Browser]]>
            </line>
          </reporter-output>
        </test-method> <!-- openBrowser -->
        <test-method is-config="true" signature="login()[pri:0, instance:com.actitime.testscript.CreateNewTask@2e8c1c9b]" started-at="2024-08-01T13:41:55 IST" name="login" finished-at="2024-08-01T13:42:04 IST" duration-ms="9166" status="PASS">
          <reporter-output>
            <line>
              <![CDATA[Login to application]]>
            </line>
          </reporter-output>
        </test-method> <!-- login -->
        <test-method signature="newTask()[pri:0, instance:com.actitime.testscript.CreateNewTask@2e8c1c9b]" started-at="2024-08-01T13:42:04 IST" name="newTask" finished-at="2024-08-01T13:42:11 IST" duration-ms="6836" status="PASS">
          <reporter-output>
          </reporter-output>
        </test-method> <!-- newTask -->
        <test-method is-config="true" signature="logout()[pri:0, instance:com.actitime.testscript.CreateNewTask@2e8c1c9b]" started-at="2024-08-01T13:42:11 IST" name="logout" finished-at="2024-08-01T13:42:13 IST" duration-ms="1530" status="PASS">
          <reporter-output>
            <line>
              <![CDATA[Logout from application]]>
            </line>
          </reporter-output>
        </test-method> <!-- logout -->
        <test-method is-config="true" signature="closeBrowser()[pri:0, instance:com.actitime.testscript.CreateNewTask@2e8c1c9b]" started-at="2024-08-01T13:42:13 IST" name="closeBrowser" finished-at="2024-08-01T13:42:13 IST" duration-ms="347" status="PASS">
          <reporter-output>
            <line>
              <![CDATA[Close Browser]]>
            </line>
          </reporter-output>
        </test-method> <!-- closeBrowser -->
      </class> <!-- com.actitime.testscript.CreateNewTask -->
    </test> <!-- Test -->
  </suite> <!-- Suite -->
</testng-results>
